This is e-pTeX, Version 3.14159265-p3.7-160201-2.6 (utf8.euc) (TeX Live 2016) (preloaded format=platex 2016.12.22)  14 JUN 2017 10:07
entering extended mode
 restricted \write18 enabled.
 %&-line parsing enabled.
**pstricks1.tex
(./pstricks1.tex
pLaTeX2e <2016/11/29> (based on LaTeX2e <2016/03/31> patch level 3)
Babel <3.9r> and hyphenation patterns for 83 language(s) loaded.
(/usr/local/texlive-2016/2016/texmf-dist/tex/latex/beamer/beamer.cls
(/usr/local/texlive-2016/2016/texmf-dist/tex/latex/beamer/beamerbasercs.sty
Package: beamerbasercs 2015/03/08 (rcs-revision 368aa9ba9d38)
)
Document Class: beamer 2015/01/05 3.36 A class for typesetting presentations (r
cs-revision 8a39122e1f63)
(/usr/local/texlive-2016/2016/texmf-dist/tex/latex/beamer/beamerbasemodes.sty
Package: beamerbasemodes 2013/09/03 (rcs-revision 768f2d98ca64)
\beamer@tempbox=\box41
\beamer@tempcount=\count82
\c@beamerpauses=\count83

(/usr/local/texlive-2016/2016/texmf-dist/tex/latex/beamer/beamerbasedecode.sty
Package: beamerbasedecode 2010/05/01 (rcs-revision efa082c6111d)
\beamer@slideinframe=\count84
\beamer@minimum=\count85
)
\beamer@commentbox=\box42
\beamer@modecount=\count86
) (/usr/local/texlive-2016/2016/texmf-dist/tex/generic/oberdiek/ifpdf.sty
Package: ifpdf 2016/05/14 v3.1 Provides the ifpdf switch
)
\headheight=\dimen118
\headdp=\dimen119
\footheight=\dimen120
\sidebarheight=\dimen121
\beamer@tempdim=\dimen122
\beamer@finalheight=\dimen123
\beamer@animht=\dimen124
\beamer@animdp=\dimen125
\beamer@animwd=\dimen126
\beamer@leftmargin=\dimen127
\beamer@rightmargin=\dimen128
\beamer@leftsidebar=\dimen129
\beamer@rightsidebar=\dimen130
\beamer@boxsize=\dimen131
\beamer@vboxoffset=\dimen132
\beamer@descdefault=\dimen133
\beamer@descriptionwidth=\dimen134
\beamer@lastskip=\skip41
\beamer@areabox=\box43
\beamer@animcurrent=\box44
\beamer@animshowbox=\box45
\beamer@sectionbox=\box46
\beamer@logobox=\box47
\beamer@linebox=\box48
\beamer@sectioncount=\count87
\beamer@subsubsectionmax=\count88
\beamer@subsectionmax=\count89
\beamer@sectionmax=\count90
\beamer@totalheads=\count91
\beamer@headcounter=\count92
\beamer@partstartpage=\count93
\beamer@sectionstartpage=\count94
\beamer@subsectionstartpage=\count95
\beamer@animationtempa=\count96
\beamer@animationtempb=\count97
\beamer@xpos=\count98
\beamer@ypos=\count99
\beamer@showpartnumber=\count100
\beamer@currentsubsection=\count101
\beamer@coveringdepth=\count102
\beamer@sectionadjust=\count103
\beamer@tocsectionnumber=\count104

(/usr/local/texlive-2016/2016/texmf-dist/tex/latex/beamer/beamerbaseoptions.sty
Package: beamerbaseoptions 2013/03/10 (rcs-revision 47431932db0d)
(/usr/local/texlive-2016/2016/texmf-dist/tex/latex/graphics/keyval.sty
Package: keyval 2014/10/28 v1.15 key=value parser (DPC)
\KV@toks@=\toks15
))
\beamer@paperwidth=\skip42
\beamer@paperheight=\skip43

(/usr/local/texlive-2016/2016/texmf-dist/tex/latex/geometry/geometry.sty
Package: geometry 2010/09/12 v5.6 Page Geometry

(/usr/local/texlive-2016/2016/texmf-dist/tex/generic/oberdiek/ifvtex.sty
Package: ifvtex 2016/05/16 v1.6 Detect VTeX and its facilities (HO)
Package ifvtex Info: VTeX not detected.
)
(/usr/local/texlive-2016/2016/texmf-dist/tex/generic/ifxetex/ifxetex.sty
Package: ifxetex 2010/09/12 v0.6 Provides ifxetex conditional
)
\Gm@cnth=\count105
\Gm@cntv=\count106
\c@Gm@tempcnt=\count107
\Gm@bindingoffset=\dimen135
\Gm@wd@mp=\dimen136
\Gm@odd@mp=\dimen137
\Gm@even@mp=\dimen138
\Gm@layoutwidth=\dimen139
\Gm@layoutheight=\dimen140
\Gm@layouthoffset=\dimen141
\Gm@layoutvoffset=\dimen142
\Gm@dimlist=\toks16
)
(/usr/local/texlive-2016/2016/texmf-dist/tex/latex/base/size11.clo
File: size11.clo 2014/09/29 v1.4h Standard LaTeX file (size option)
)
(/usr/local/texlive-2016/2016/texmf-dist/tex/latex/pgf/basiclayer/pgfcore.sty
(/usr/local/texlive-2016/2016/texmf-dist/tex/latex/graphics/graphicx.sty
Package: graphicx 2014/10/28 v1.0g Enhanced LaTeX Graphics (DPC,SPQR)

(/usr/local/texlive-2016/2016/texmf-dist/tex/latex/graphics/graphics.sty
Package: graphics 2016/07/10 v1.0t Standard LaTeX Graphics (DPC,SPQR)

(/usr/local/texlive-2016/2016/texmf-dist/tex/latex/graphics/trig.sty
Package: trig 2016/01/03 v1.10 sin cos tan (DPC)
)
(/usr/local/texlive-2016/2016/texmf-dist/tex/latex/graphics-cfg/graphics.cfg
File: graphics.cfg 2016/06/04 v1.11 sample graphics configuration
)
Package graphics Info: Driver file: dvips.def on input line 99.

(/usr/local/texlive-2016/2016/texmf-dist/tex/latex/graphics-def/dvips.def
File: dvips.def 2016/07/10 v3.1a Driver-dependent file (DPC,SPQR)
))
\Gin@req@height=\dimen143
\Gin@req@width=\dimen144
)
(/usr/local/texlive-2016/2016/texmf-dist/tex/latex/pgf/systemlayer/pgfsys.sty
(/usr/local/texlive-2016/2016/texmf-dist/tex/latex/pgf/utilities/pgfrcs.sty
(/usr/local/texlive-2016/2016/texmf-dist/tex/generic/pgf/utilities/pgfutil-comm
on.tex
\pgfutil@everybye=\toks17
\pgfutil@tempdima=\dimen145
\pgfutil@tempdimb=\dimen146

(/usr/local/texlive-2016/2016/texmf-dist/tex/generic/pgf/utilities/pgfutil-comm
on-lists.tex))
(/usr/local/texlive-2016/2016/texmf-dist/tex/generic/pgf/utilities/pgfutil-late
x.def
\pgfutil@abb=\box49
 (/usr/local/texlive-2016/2016/texmf-dist/tex/latex/ms/everyshi.sty
Package: everyshi 2001/05/15 v3.00 EveryShipout Package (MS)
))
(/usr/local/texlive-2016/2016/texmf-dist/tex/generic/pgf/utilities/pgfrcs.code.
tex
Package: pgfrcs 2015/08/07 v3.0.1a (rcs-revision 1.31)
))
(/usr/local/texlive-2016/2016/texmf-dist/tex/generic/pgf/systemlayer/pgfsys.cod
e.tex
Package: pgfsys 2014/07/09 v3.0.1a (rcs-revision 1.48)

(/usr/local/texlive-2016/2016/texmf-dist/tex/generic/pgf/utilities/pgfkeys.code
.tex
\pgfkeys@pathtoks=\toks18
\pgfkeys@temptoks=\toks19

(/usr/local/texlive-2016/2016/texmf-dist/tex/generic/pgf/utilities/pgfkeysfilte
red.code.tex
\pgfkeys@tmptoks=\toks20
))
\pgf@x=\dimen147
\pgf@y=\dimen148
\pgf@xa=\dimen149
\pgf@ya=\dimen150
\pgf@xb=\dimen151
\pgf@yb=\dimen152
\pgf@xc=\dimen153
\pgf@yc=\dimen154
\w@pgf@writea=\write3
\r@pgf@reada=\read1
\c@pgf@counta=\count108
\c@pgf@countb=\count109
\c@pgf@countc=\count110
\c@pgf@countd=\count111
\t@pgf@toka=\toks21
\t@pgf@tokb=\toks22
\t@pgf@tokc=\toks23

(/usr/local/texlive-2016/2016/texmf-dist/tex/generic/pgf/systemlayer/pgf.cfg
File: pgf.cfg 2008/05/14  (rcs-revision 1.7)
)
Driver file for pgf: pgfsys-dvips.def

(/usr/local/texlive-2016/2016/texmf-dist/tex/generic/pgf/systemlayer/pgfsys-dvi
ps.def
File: pgfsys-dvips.def 2014/07/09  (rcs-revision 1.25)

(/usr/local/texlive-2016/2016/texmf-dist/tex/generic/pgf/systemlayer/pgfsys-com
mon-postscript.def
File: pgfsys-common-postscript.def 2008/10/01  (rcs-revision 1.22)
\pgf@objectcount=\count112
)))
(/usr/local/texlive-2016/2016/texmf-dist/tex/generic/pgf/systemlayer/pgfsyssoft
path.code.tex
File: pgfsyssoftpath.code.tex 2013/09/09  (rcs-revision 1.9)
\pgfsyssoftpath@smallbuffer@items=\count113
\pgfsyssoftpath@bigbuffer@items=\count114
)
(/usr/local/texlive-2016/2016/texmf-dist/tex/generic/pgf/systemlayer/pgfsysprot
ocol.code.tex
File: pgfsysprotocol.code.tex 2006/10/16  (rcs-revision 1.4)
))
(/usr/local/texlive-2016/2016/texmf-dist/tex/latex/xcolor/xcolor.sty
Package: xcolor 2016/05/11 v2.12 LaTeX color extensions (UK)

(/usr/local/texlive-2016/2016/texmf-dist/tex/latex/graphics-cfg/color.cfg
File: color.cfg 2016/01/02 v1.6 sample color configuration
)
Package xcolor Info: Driver file: dvips.def on input line 225.
Package xcolor Info: Model `cmy' substituted by `cmy0' on input line 1348.
Package xcolor Info: Model `RGB' extended on input line 1364.
Package xcolor Info: Model `HTML' substituted by `rgb' on input line 1366.
Package xcolor Info: Model `Hsb' substituted by `hsb' on input line 1367.
Package xcolor Info: Model `tHsb' substituted by `hsb' on input line 1368.
Package xcolor Info: Model `HSB' substituted by `hsb' on input line 1369.
Package xcolor Info: Model `Gray' substituted by `gray' on input line 1370.
Package xcolor Info: Model `wave' substituted by `hsb' on input line 1371.
)
(/usr/local/texlive-2016/2016/texmf-dist/tex/generic/pgf/basiclayer/pgfcore.cod
e.tex
Package: pgfcore 2010/04/11 v3.0.1a (rcs-revision 1.7)

(/usr/local/texlive-2016/2016/texmf-dist/tex/generic/pgf/math/pgfmath.code.tex
(/usr/local/texlive-2016/2016/texmf-dist/tex/generic/pgf/math/pgfmathcalc.code.
tex
(/usr/local/texlive-2016/2016/texmf-dist/tex/generic/pgf/math/pgfmathutil.code.
tex)
(/usr/local/texlive-2016/2016/texmf-dist/tex/generic/pgf/math/pgfmathparser.cod
e.tex
\pgfmath@dimen=\dimen155
\pgfmath@count=\count115
\pgfmath@box=\box50
\pgfmath@toks=\toks24
\pgfmath@stack@operand=\toks25
\pgfmath@stack@operation=\toks26
)
(/usr/local/texlive-2016/2016/texmf-dist/tex/generic/pgf/math/pgfmathfunctions.
code.tex
(/usr/local/texlive-2016/2016/texmf-dist/tex/generic/pgf/math/pgfmathfunctions.
basic.code.tex)
(/usr/local/texlive-2016/2016/texmf-dist/tex/generic/pgf/math/pgfmathfunctions.
trigonometric.code.tex)
(/usr/local/texlive-2016/2016/texmf-dist/tex/generic/pgf/math/pgfmathfunctions.
random.code.tex)
(/usr/local/texlive-2016/2016/texmf-dist/tex/generic/pgf/math/pgfmathfunctions.
comparison.code.tex)
(/usr/local/texlive-2016/2016/texmf-dist/tex/generic/pgf/math/pgfmathfunctions.
base.code.tex)
(/usr/local/texlive-2016/2016/texmf-dist/tex/generic/pgf/math/pgfmathfunctions.
round.code.tex)
(/usr/local/texlive-2016/2016/texmf-dist/tex/generic/pgf/math/pgfmathfunctions.
misc.code.tex)
(/usr/local/texlive-2016/2016/texmf-dist/tex/generic/pgf/math/pgfmathfunctions.
integerarithmetics.code.tex)))
(/usr/local/texlive-2016/2016/texmf-dist/tex/generic/pgf/math/pgfmathfloat.code
.tex
\c@pgfmathroundto@lastzeros=\count116
))
(/usr/local/texlive-2016/2016/texmf-dist/tex/generic/pgf/basiclayer/pgfcorepoin
ts.code.tex
File: pgfcorepoints.code.tex 2013/10/07  (rcs-revision 1.27)
\pgf@picminx=\dimen156
\pgf@picmaxx=\dimen157
\pgf@picminy=\dimen158
\pgf@picmaxy=\dimen159
\pgf@pathminx=\dimen160
\pgf@pathmaxx=\dimen161
\pgf@pathminy=\dimen162
\pgf@pathmaxy=\dimen163
\pgf@xx=\dimen164
\pgf@xy=\dimen165
\pgf@yx=\dimen166
\pgf@yy=\dimen167
\pgf@zx=\dimen168
\pgf@zy=\dimen169
)
(/usr/local/texlive-2016/2016/texmf-dist/tex/generic/pgf/basiclayer/pgfcorepath
construct.code.tex
File: pgfcorepathconstruct.code.tex 2013/10/07  (rcs-revision 1.29)
\pgf@path@lastx=\dimen170
\pgf@path@lasty=\dimen171
)
(/usr/local/texlive-2016/2016/texmf-dist/tex/generic/pgf/basiclayer/pgfcorepath
usage.code.tex
File: pgfcorepathusage.code.tex 2014/11/02  (rcs-revision 1.24)
\pgf@shorten@end@additional=\dimen172
\pgf@shorten@start@additional=\dimen173
)
(/usr/local/texlive-2016/2016/texmf-dist/tex/generic/pgf/basiclayer/pgfcorescop
es.code.tex
File: pgfcorescopes.code.tex 2015/05/08  (rcs-revision 1.46)
\pgfpic=\box51
\pgf@hbox=\box52
\pgf@layerbox@main=\box53
\pgf@picture@serial@count=\count117
)
(/usr/local/texlive-2016/2016/texmf-dist/tex/generic/pgf/basiclayer/pgfcoregrap
hicstate.code.tex
File: pgfcoregraphicstate.code.tex 2014/11/02  (rcs-revision 1.12)
\pgflinewidth=\dimen174
)
(/usr/local/texlive-2016/2016/texmf-dist/tex/generic/pgf/basiclayer/pgfcoretran
sformations.code.tex
File: pgfcoretransformations.code.tex 2015/08/07  (rcs-revision 1.20)
\pgf@pt@x=\dimen175
\pgf@pt@y=\dimen176
\pgf@pt@temp=\dimen177
)
(/usr/local/texlive-2016/2016/texmf-dist/tex/generic/pgf/basiclayer/pgfcorequic
k.code.tex
File: pgfcorequick.code.tex 2008/10/09  (rcs-revision 1.3)
)
(/usr/local/texlive-2016/2016/texmf-dist/tex/generic/pgf/basiclayer/pgfcoreobje
cts.code.tex
File: pgfcoreobjects.code.tex 2006/10/11  (rcs-revision 1.2)
)
(/usr/local/texlive-2016/2016/texmf-dist/tex/generic/pgf/basiclayer/pgfcorepath
processing.code.tex
File: pgfcorepathprocessing.code.tex 2013/09/09  (rcs-revision 1.9)
)
(/usr/local/texlive-2016/2016/texmf-dist/tex/generic/pgf/basiclayer/pgfcorearro
ws.code.tex
File: pgfcorearrows.code.tex 2015/05/14  (rcs-revision 1.43)
\pgfarrowsep=\dimen178
)
(/usr/local/texlive-2016/2016/texmf-dist/tex/generic/pgf/basiclayer/pgfcoreshad
e.code.tex
File: pgfcoreshade.code.tex 2013/07/15  (rcs-revision 1.15)
\pgf@max=\dimen179
\pgf@sys@shading@range@num=\count118
)
(/usr/local/texlive-2016/2016/texmf-dist/tex/generic/pgf/basiclayer/pgfcoreimag
e.code.tex
File: pgfcoreimage.code.tex 2013/07/15  (rcs-revision 1.18)

(/usr/local/texlive-2016/2016/texmf-dist/tex/generic/pgf/basiclayer/pgfcoreexte
rnal.code.tex
File: pgfcoreexternal.code.tex 2014/07/09  (rcs-revision 1.21)
\pgfexternal@startupbox=\box54
))
(/usr/local/texlive-2016/2016/texmf-dist/tex/generic/pgf/basiclayer/pgfcorelaye
rs.code.tex
File: pgfcorelayers.code.tex 2013/07/18  (rcs-revision 1.7)
)
(/usr/local/texlive-2016/2016/texmf-dist/tex/generic/pgf/basiclayer/pgfcoretran
sparency.code.tex
File: pgfcoretransparency.code.tex 2013/09/30  (rcs-revision 1.5)
)
(/usr/local/texlive-2016/2016/texmf-dist/tex/generic/pgf/basiclayer/pgfcorepatt
erns.code.tex
File: pgfcorepatterns.code.tex 2013/11/07  (rcs-revision 1.5)
)))
(/usr/local/texlive-2016/2016/texmf-dist/tex/latex/pgf/utilities/xxcolor.sty
Package: xxcolor 2003/10/24 ver 0.1
\XC@nummixins=\count119
\XC@countmixins=\count120
)
(/usr/local/texlive-2016/2016/texmf-dist/tex/generic/oberdiek/atbegshi.sty
Package: atbegshi 2016/06/09 v1.18 At begin shipout hook (HO)

(/usr/local/texlive-2016/2016/texmf-dist/tex/generic/oberdiek/infwarerr.sty
Package: infwarerr 2016/05/16 v1.4 Providing info/warning/error messages (HO)
)
(/usr/local/texlive-2016/2016/texmf-dist/tex/generic/oberdiek/ltxcmds.sty
Package: ltxcmds 2016/05/16 v1.23 LaTeX kernel commands for general use (HO)
))
(/usr/local/texlive-2016/2016/texmf-dist/tex/latex/hyperref/hyperref.sty
Package: hyperref 2016/06/24 v6.83q Hypertext links for LaTeX

(/usr/local/texlive-2016/2016/texmf-dist/tex/generic/oberdiek/hobsub-hyperref.s
ty
Package: hobsub-hyperref 2016/05/16 v1.14 Bundle oberdiek, subset hyperref (HO)


(/usr/local/texlive-2016/2016/texmf-dist/tex/generic/oberdiek/hobsub-generic.st
y
Package: hobsub-generic 2016/05/16 v1.14 Bundle oberdiek, subset generic (HO)
Package: hobsub 2016/05/16 v1.14 Construct package bundles (HO)
Package hobsub Info: Skipping package `infwarerr' (already loaded).
Package hobsub Info: Skipping package `ltxcmds' (already loaded).
Package: ifluatex 2016/05/16 v1.4 Provides the ifluatex switch (HO)
Package ifluatex Info: LuaTeX not detected.
Package hobsub Info: Skipping package `ifvtex' (already loaded).
Package: intcalc 2016/05/16 v1.2 Expandable calculations with integers (HO)
Package hobsub Info: Skipping package `ifpdf' (already loaded).
Package: etexcmds 2016/05/16 v1.6 Avoid name clashes with e-TeX commands (HO)
Package etexcmds Info: Could not find \expanded.
(etexcmds)             That can mean that you are not using pdfTeX 1.50 or
(etexcmds)             that some package has redefined \expanded.
(etexcmds)             In the latter case, load this package earlier.
Package: kvsetkeys 2016/05/16 v1.17 Key value parser (HO)
Package: kvdefinekeys 2016/05/16 v1.4 Define keys (HO)
Package: pdftexcmds 2016/05/21 v0.22 Utility functions of pdfTeX for LuaTeX (HO
)
Package pdftexcmds Info: LuaTeX not detected.
Package pdftexcmds Info: pdfTeX >= 1.30 not detected.
Package pdftexcmds Info: \pdf@primitive is available.
Package pdftexcmds Info: \pdf@ifprimitive is available.
Package pdftexcmds Info: \pdfdraftmode not found.
Package: pdfescape 2016/05/16 v1.14 Implements pdfTeX's escape features (HO)
Package: bigintcalc 2016/05/16 v1.4 Expandable calculations on big integers (HO
)
Package: bitset 2016/05/16 v1.2 Handle bit-vector datatype (HO)
Package: uniquecounter 2016/05/16 v1.3 Provide unlimited unique counter (HO)
)
Package hobsub Info: Skipping package `hobsub' (already loaded).
Package: letltxmacro 2016/05/16 v1.5 Let assignment for LaTeX macros (HO)
Package: hopatch 2016/05/16 v1.3 Wrapper for package hooks (HO)
Package: xcolor-patch 2016/05/16 xcolor patch
Package: atveryend 2016/05/16 v1.9 Hooks at the very end of document (HO)
Package atveryend Info: \enddocument detected (standard20110627).
Package hobsub Info: Skipping package `atbegshi' (already loaded).
Package: refcount 2016/05/16 v3.5 Data extraction from label references (HO)
Package: hycolor 2016/05/16 v1.8 Color options for hyperref/bookmark (HO)
) (/usr/local/texlive-2016/2016/texmf-dist/tex/latex/oberdiek/auxhook.sty
Package: auxhook 2016/05/16 v1.4 Hooks for auxiliary files (HO)
)
(/usr/local/texlive-2016/2016/texmf-dist/tex/latex/oberdiek/kvoptions.sty
Package: kvoptions 2016/05/16 v3.12 Key value format for package options (HO)
)
\@linkdim=\dimen180
\Hy@linkcounter=\count121
\Hy@pagecounter=\count122

(/usr/local/texlive-2016/2016/texmf-dist/tex/latex/hyperref/pd1enc.def
File: pd1enc.def 2016/06/24 v6.83q Hyperref: PDFDocEncoding definition (HO)
)
\Hy@SavedSpaceFactor=\count123

(/usr/local/texlive-2016/2016/texmf-dist/tex/latex/latexconfig/hyperref.cfg
File: hyperref.cfg 2002/06/06 v1.2 hyperref configuration of TeXLive
)
Package hyperref Info: Option `bookmarks' set `true' on input line 4362.
Package hyperref Info: Option `bookmarksopen' set `true' on input line 4362.
Package hyperref Info: Option `implicit' set `false' on input line 4362.
Package hyperref Info: Hyper figures OFF on input line 4486.
Package hyperref Info: Link nesting OFF on input line 4491.
Package hyperref Info: Hyper index ON on input line 4494.
Package hyperref Info: Plain pages OFF on input line 4501.
Package hyperref Info: Backreferencing OFF on input line 4506.
Package hyperref Info: Implicit mode OFF; no redefinition of LaTeX internals.
Package hyperref Info: Bookmarks ON on input line 4735.
\c@Hy@tempcnt=\count124

(/usr/local/texlive-2016/2016/texmf-dist/tex/latex/url/url.sty
\Urlmuskip=\muskip10
Package: url 2013/09/16  ver 3.4  Verb mode for urls, etc.
)
LaTeX Info: Redefining \url on input line 5088.
\XeTeXLinkMargin=\dimen181
\Fld@menulength=\count125
\Field@Width=\dimen182
\Fld@charsize=\dimen183
Package hyperref Info: Hyper figures OFF on input line 6342.
Package hyperref Info: Link nesting OFF on input line 6347.
Package hyperref Info: Hyper index ON on input line 6350.
Package hyperref Info: backreferencing OFF on input line 6357.
Package hyperref Info: Link coloring OFF on input line 6362.
Package hyperref Info: Link coloring with OCG OFF on input line 6367.
Package hyperref Info: PDF/A mode OFF on input line 6372.
LaTeX Info: Redefining \ref on input line 6412.
LaTeX Info: Redefining \pageref on input line 6416.
\Hy@abspage=\count126


Package hyperref Message: Stopped early.

)

Package hyperref Message: Driver (default): hdvips.

(/usr/local/texlive-2016/2016/texmf-dist/tex/latex/hyperref/hdvips.def
File: hdvips.def 2016/06/24 v6.83q Hyperref driver for dvips

(/usr/local/texlive-2016/2016/texmf-dist/tex/latex/hyperref/pdfmark.def
File: pdfmark.def 2016/06/24 v6.83q Hyperref definitions for pdfmark specials
\pdf@docset=\toks27
\pdf@box=\box55
\pdf@toks=\toks28
\pdf@defaulttoks=\toks29
\HyField@AnnotCount=\count127
\Fld@listcount=\count128
\c@bookmark@seq@number=\count129

(/usr/local/texlive-2016/2016/texmf-dist/tex/latex/oberdiek/rerunfilecheck.sty
Package: rerunfilecheck 2016/05/16 v1.8 Rerun checks for auxiliary files (HO)
Package uniquecounter Info: New unique counter `rerunfilecheck' on input line 2
82.
)))
(/usr/local/texlive-2016/2016/texmf-dist/tex/latex/beamer/beamerbaserequires.st
y
Package: beamerbaserequires 2010/05/01  (rcs-revision efa082c6111d)

(/usr/local/texlive-2016/2016/texmf-dist/tex/latex/beamer/beamerbasecompatibili
ty.sty
Package: beamerbasecompatibility 2012/05/01  (rcs-revision 67c48b3b652d)
)
(/usr/local/texlive-2016/2016/texmf-dist/tex/latex/beamer/beamerbasefont.sty
Package: beamerbasefont 2015/01/05  (rcs-revision b4b4bee242e2)

(/usr/local/texlive-2016/2016/texmf-dist/tex/latex/amsfonts/amssymb.sty
Package: amssymb 2013/01/14 v3.01 AMS font symbols

(/usr/local/texlive-2016/2016/texmf-dist/tex/latex/amsfonts/amsfonts.sty
Package: amsfonts 2013/01/14 v3.01 Basic AMSFonts support
\@emptytoks=\toks30
\symAMSa=\mathgroup4
\symAMSb=\mathgroup5
LaTeX Font Info:    Overwriting math alphabet `\mathfrak' in version `bold'
(Font)                  U/euf/m/n --> U/euf/b/n on input line 106.
))
(/usr/local/texlive-2016/2016/texmf-dist/tex/latex/sansmathaccent/sansmathaccen
t.sty
Package: sansmathaccent 2013/03/28
 (/usr/local/texlive-2016/2016/texmf-dist/tex/latex/filehook/filehook.sty
Package: filehook 2011/10/12 v0.5d Hooks for input files
)))
(/usr/local/texlive-2016/2016/texmf-dist/tex/latex/beamer/beamerbasetranslator.
sty
Package: beamerbasetranslator 2010/06/11  (rcs-revision 85fd1cc7fc42)

(/usr/local/texlive-2016/2016/texmf-dist/tex/latex/beamer/translator/translator
.sty
Package: translator 2010/06/12 ver 1.10

(/usr/local/texlive-2016/2016/texmf-dist/tex/latex/beamer/translator/translator
-language-mappings.tex)))
(/usr/local/texlive-2016/2016/texmf-dist/tex/latex/beamer/beamerbasemisc.sty
Package: beamerbasemisc 2013/09/03  (rcs-revision a55719c41d85)
)
(/usr/local/texlive-2016/2016/texmf-dist/tex/latex/beamer/beamerbasetwoscreens.
sty
Package: beamerbasetwoscreens 2010/05/01  (rcs-revision efa082c6111d)
)
(/usr/local/texlive-2016/2016/texmf-dist/tex/latex/beamer/beamerbaseoverlay.sty
Package: beamerbaseoverlay 2013/12/25  (rcs-revision f6bd5e3805da)
\beamer@argscount=\count130
\beamer@lastskipcover=\skip44
\beamer@trivlistdepth=\count131
) (/usr/local/texlive-2016/2016/texmf-dist/tex/latex/beamer/beamerbasetitle.sty
Package: beamerbasetitle 2010/09/21  (rcs-revision f0446ed0b6ae)
)
(/usr/local/texlive-2016/2016/texmf-dist/tex/latex/beamer/beamerbasesection.sty
Package: beamerbasesection 2013/06/07  (rcs-revision 60b9fe0f342f)
\c@lecture=\count132
\c@part=\count133
\c@section=\count134
\c@subsection=\count135
\c@subsubsection=\count136
) (/usr/local/texlive-2016/2016/texmf-dist/tex/latex/beamer/beamerbaseframe.sty
Package: beamerbaseframe 2014/02/20  (rcs-revision 4b8ceeeff434)
\beamer@framebox=\box56
\beamer@frametitlebox=\box57
\beamer@zoombox=\box58
\beamer@zoomcount=\count137
\beamer@zoomframecount=\count138
\beamer@frametextheight=\dimen184
\c@subsectionslide=\count139
\beamer@frametopskip=\skip45
\beamer@framebottomskip=\skip46
\beamer@frametopskipautobreak=\skip47
\beamer@framebottomskipautobreak=\skip48
\beamer@envbody=\toks31
\framewidth=\dimen185
\c@framenumber=\count140
)
(/usr/local/texlive-2016/2016/texmf-dist/tex/latex/beamer/beamerbaseverbatim.st
y
Package: beamerbaseverbatim 2015/01/05  (rcs-revision 431510bb5890)
\beamer@verbatimfileout=\write4
)
(/usr/local/texlive-2016/2016/texmf-dist/tex/latex/beamer/beamerbaseframesize.s
ty
Package: beamerbaseframesize 2011/09/12  (rcs-revision 70f9d8411e54)
\beamer@splitbox=\box59
\beamer@autobreakcount=\count141
\beamer@autobreaklastheight=\dimen186
\beamer@frametitletoks=\toks32
\beamer@framesubtitletoks=\toks33
)
(/usr/local/texlive-2016/2016/texmf-dist/tex/latex/beamer/beamerbaseframecompon
ents.sty
Package: beamerbaseframecomponents 2013/10/18  (rcs-revision 5cf6c5555a45)
\beamer@footins=\box60
)
(/usr/local/texlive-2016/2016/texmf-dist/tex/latex/beamer/beamerbasecolor.sty
Package: beamerbasecolor 2015/02/21  (rcs-revision d944b04ee2d5)
)
(/usr/local/texlive-2016/2016/texmf-dist/tex/latex/beamer/beamerbasenotes.sty
Package: beamerbasenotes 2012/12/19  (rcs-revision 1686da3db3c9)
\beamer@frameboxcopy=\box61
)
(/usr/local/texlive-2016/2016/texmf-dist/tex/latex/beamer/beamerbasetoc.sty
Package: beamerbasetoc 2015/03/08  (rcs-revision 7270298bbaae)
)
(/usr/local/texlive-2016/2016/texmf-dist/tex/latex/beamer/beamerbasetemplates.s
ty
Package: beamerbasetemplates 2010/05/01  (rcs-revision efa082c6111d)
\beamer@sbttoks=\toks34

(/usr/local/texlive-2016/2016/texmf-dist/tex/latex/beamer/beamerbaseauxtemplate
s.sty
Package: beamerbaseauxtemplates 2014/06/30  (rcs-revision 580088513a67)

(/usr/local/texlive-2016/2016/texmf-dist/tex/latex/beamer/beamerbaseboxes.sty
Package: beamerbaseboxes 2012/05/13  (rcs-revision 56972908a390)
\bmb@box=\box62
\bmb@colorbox=\box63
\bmb@boxshadow=\box64
\bmb@boxshadowball=\box65
\bmb@boxshadowballlarge=\box66
\bmb@temp=\dimen187
\bmb@dima=\dimen188
\bmb@dimb=\dimen189
\bmb@prevheight=\dimen190
)
\beamer@blockheadheight=\dimen191
))
(/usr/local/texlive-2016/2016/texmf-dist/tex/latex/beamer/beamerbaselocalstruct
ure.sty
Package: beamerbaselocalstructure 2014/09/10  (rcs-revision 393f6dcff371)
 (/usr/local/texlive-2016/2016/texmf-dist/tex/latex/tools/enumerate.sty
Package: enumerate 2015/07/23 v3.00 enumerate extensions (DPC)
\@enLab=\toks35
)
\c@figure=\count142
\c@table=\count143
\abovecaptionskip=\skip49
\belowcaptionskip=\skip50
)
(/usr/local/texlive-2016/2016/texmf-dist/tex/latex/beamer/beamerbasenavigation.
sty
Package: beamerbasenavigation 2015/02/27  (rcs-revision 923f4bf87efa)
\beamer@section@min@dim=\dimen192
)
(/usr/local/texlive-2016/2016/texmf-dist/tex/latex/beamer/beamerbasetheorems.st
y
Package: beamerbasetheorems 2010/06/06  (rcs-revision 7e7cc5e53e9d)
 (/usr/local/texlive-2016/2016/texmf-dist/tex/latex/amsmath/amsmath.sty
Package: amsmath 2016/06/28 v2.15d AMS math features
\@mathmargin=\skip51

For additional information on amsmath, use the `?' option.
(/usr/local/texlive-2016/2016/texmf-dist/tex/latex/amsmath/amstext.sty
Package: amstext 2000/06/29 v2.01 AMS text

(/usr/local/texlive-2016/2016/texmf-dist/tex/latex/amsmath/amsgen.sty
File: amsgen.sty 1999/11/30 v2.0 generic functions
\@emptytoks=\toks36
\ex@=\dimen193
))
(/usr/local/texlive-2016/2016/texmf-dist/tex/latex/amsmath/amsbsy.sty
Package: amsbsy 1999/11/29 v1.2d Bold Symbols
\pmbraise@=\dimen194
)
(/usr/local/texlive-2016/2016/texmf-dist/tex/latex/amsmath/amsopn.sty
Package: amsopn 2016/03/08 v2.02 operator names
)
\inf@bad=\count144
LaTeX Info: Redefining \frac on input line 199.
\uproot@=\count145
\leftroot@=\count146
LaTeX Info: Redefining \overline on input line 297.
\classnum@=\count147
\DOTSCASE@=\count148
LaTeX Info: Redefining \ldots on input line 394.
LaTeX Info: Redefining \dots on input line 397.
LaTeX Info: Redefining \cdots on input line 518.
\Mathstrutbox@=\box67
\strutbox@=\box68
\big@size=\dimen195
LaTeX Font Info:    Redeclaring font encoding OML on input line 634.
LaTeX Font Info:    Redeclaring font encoding OMS on input line 635.
\macc@depth=\count149
\c@MaxMatrixCols=\count150
\dotsspace@=\muskip11
\c@parentequation=\count151
\dspbrk@lvl=\count152
\tag@help=\toks37
\row@=\count153
\column@=\count154
\maxfields@=\count155
\andhelp@=\toks38
\eqnshift@=\dimen196
\alignsep@=\dimen197
\tagshift@=\dimen198
\tagwidth@=\dimen199
\totwidth@=\dimen256
\lineht@=\dimen257
\@envbody=\toks39
\multlinegap=\skip52
\multlinetaggap=\skip53
\mathdisplay@stack=\toks40
LaTeX Info: Redefining \[ on input line 2739.
LaTeX Info: Redefining \] on input line 2740.
)
(/usr/local/texlive-2016/2016/texmf-dist/tex/latex/amscls/amsthm.sty
Package: amsthm 2015/03/04 v2.20.2
\thm@style=\toks41
\thm@bodyfont=\toks42
\thm@headfont=\toks43
\thm@notefont=\toks44
\thm@headpunct=\toks45
\thm@preskip=\skip54
\thm@postskip=\skip55
\thm@headsep=\skip56
\dth@everypar=\toks46
)
\c@theorem=\count156
)
(/usr/local/texlive-2016/2016/texmf-dist/tex/latex/beamer/beamerbasethemes.sty
Package: beamerbasethemes 2010/05/01  (rcs-revision efa082c6111d)
))
(/usr/local/texlive-2016/2016/texmf-dist/tex/latex/beamer/themes/theme/beamerth
emedefault.sty
Package: beamerthemedefault 2010/06/17  (rcs-revision d02a7cf4d8ae)

(/usr/local/texlive-2016/2016/texmf-dist/tex/latex/beamer/themes/font/beamerfon
tthemedefault.sty
Package: beamerfontthemedefault 2012/12/19  (rcs-revision 1686da3db3c9)
)
(/usr/local/texlive-2016/2016/texmf-dist/tex/latex/beamer/themes/color/beamerco
lorthemedefault.sty
Package: beamercolorthemedefault 2012/12/19  (rcs-revision 1686da3db3c9)
)
(/usr/local/texlive-2016/2016/texmf-dist/tex/latex/beamer/themes/inner/beamerin
nerthemedefault.sty
Package: beamerinnerthemedefault 2014/06/30  (rcs-revision 580088513a67)
\beamer@dima=\dimen258
\beamer@dimb=\dimen259
)
(/usr/local/texlive-2016/2016/texmf-dist/tex/latex/beamer/themes/outer/beamerou
terthemedefault.sty
Package: beamerouterthemedefault 2012/12/19  (rcs-revision 1686da3db3c9)
)))
(/usr/local/texlive-2016/2016/texmf-dist/tex/latex/pstricks/pstricks.sty
Package: pstricks 2015/11/14 v0.62 LaTeX wrapper for `PSTricks' (RN,HV)

(/usr/local/texlive-2016/2016/texmf-dist/tex/generic/pstricks/pstricks.tex
(/usr/local/texlive-2016/2016/texmf-dist/tex/generic/xkeyval/pst-xkey.tex
File: pst-xkey.tex 2005/11/25 v1.6 PSTricks specialization of xkeyval (HA)

(/usr/local/texlive-2016/2016/texmf-dist/tex/latex/xkeyval/xkeyval.sty
Package: xkeyval 2014/12/03 v2.7a package option processing (HA)

(/usr/local/texlive-2016/2016/texmf-dist/tex/generic/xkeyval/xkeyval.tex
(/usr/local/texlive-2016/2016/texmf-dist/tex/generic/xkeyval/xkvutils.tex
\XKV@toks=\toks47
\XKV@tempa@toks=\toks48
)
\XKV@depth=\count157
File: xkeyval.tex 2014/12/03 v2.7a key=value parser (HA)
)))
(/usr/local/texlive-2016/2016/texmf-dist/tex/generic/pstricks/pst-fp.tex
`pst-fp' v0.05, 2010/01/17 (hv)
\pstFP@xs=\count158
\pstFP@xia=\count159
\pstFP@xib=\count160
\pstFP@xfa=\count161
\pstFP@xfb=\count162
\pstFP@rega=\count163
\pstFP@regb=\count164
\pstFP@regs=\count165
\pstFP@times=\count166
)
(/usr/local/texlive-2016/2016/texmf-dist/tex/generic/pgf/utilities/pgfutil-comm
on.tex
\pgfutil@everybye=\toks49
\pgfutil@tempdima=\dimen260
\pgfutil@tempdimb=\dimen261

(/usr/local/texlive-2016/2016/texmf-dist/tex/generic/pgf/utilities/pgfutil-comm
on-lists.tex))
(/usr/local/texlive-2016/2016/texmf-dist/tex/generic/pgf/utilities/pgfkeys.code
.tex)
(/usr/local/texlive-2016/2016/texmf-dist/tex/generic/pgf/utilities/pgffor.code.
tex
(/usr/local/texlive-2016/2016/texmf-dist/tex/generic/pgf/math/pgfmath.code.tex)
\pgffor@iter=\dimen262
\pgffor@skip=\dimen263
\pgffor@stack=\toks50
\pgffor@toks=\toks51
)
\psLoopIndex=\count167

`PSTricks' v2.70  <2016/09/23> (tvz)
\pst@dima=\dimen264
\pst@dimb=\dimen265
\pst@dimc=\dimen266
\pst@dimd=\dimen267
\pst@dimg=\dimen268
\pst@dimh=\dimen269
\pst@dimm=\dimen270
\pst@dimn=\dimen271
\pst@dimo=\dimen272
\pst@dimp=\dimen273
\pst@hbox=\box69
\pst@ibox=\box70
\pst@boxg=\box71
\pst@cnta=\count168
\pst@cntb=\count169
\pst@cntc=\count170
\pst@cntd=\count171
\pst@cntg=\count172
\pst@cnth=\count173
\pst@cntm=\count174
\pst@cntn=\count175
\pst@cnto=\count176
\pst@cntp=\count177
\@zero=\count178
\pst@toks=\toks52
(/usr/local/texlive-2016/2016/texmf-dist/tex/generic/pstricks/pstricks.con)
\psunit=\dimen274
\psxunit=\dimen275
\psyunit=\dimen276
\pst@C@@rType=\count179
\pslinewidth=\dimen277
\psk@startLW=\dimen278
\psk@endLW=\dimen279
\pst@customdefs=\toks53
\pslinearc=\dimen280
\pst@symbolStep=\dimen281
\pst@symbolWidth=\dimen282
\pst@symbolLinewidth=\dimen283
\everypsbox=\toks54
\psframesep=\dimen284
\pslabelsep=\dimen285
\sh@wgridXunit=\dimen286
\sh@wgridYunit=\dimen287
\pst@shift=\dimen288
)
File: pstricks.tex 2016/09/23 v2.70 `PSTricks' (tvz,hv)

(/usr/local/texlive-2016/2016/texmf-dist/tex/generic/pstricks/pst-fp.tex)
File: pst-fp.tex 2016/09/23 v2.70 `PST-fp' (hv)
)
(./pstricks1.aux)
\openout1 = `pstricks1.aux'.

LaTeX Font Info:    Checking defaults for OML/cmm/m/it on input line 8.
LaTeX Font Info:    ... okay on input line 8.
LaTeX Font Info:    Checking defaults for T1/cmr/m/n on input line 8.
LaTeX Font Info:    ... okay on input line 8.
LaTeX Font Info:    Checking defaults for OT1/cmr/m/n on input line 8.
LaTeX Font Info:    ... okay on input line 8.
LaTeX Font Info:    Checking defaults for OMS/cmsy/m/n on input line 8.
LaTeX Font Info:    ... okay on input line 8.
LaTeX Font Info:    Checking defaults for OMX/cmex/m/n on input line 8.
LaTeX Font Info:    ... okay on input line 8.
LaTeX Font Info:    Checking defaults for U/cmr/m/n on input line 8.
LaTeX Font Info:    ... okay on input line 8.
LaTeX Font Info:    Checking defaults for JY1/mc/m/n on input line 8.
LaTeX Font Info:    ... okay on input line 8.
LaTeX Font Info:    Checking defaults for JT1/mc/m/n on input line 8.
LaTeX Font Info:    ... okay on input line 8.
LaTeX Font Info:    Checking defaults for PD1/pdf/m/n on input line 8.
LaTeX Font Info:    ... okay on input line 8.

*geometry* driver: auto-detecting
*geometry* detected driver: dvips
*geometry* verbose mode - [ preamble ] result:
* driver: dvips
* paper: custom
* layout: <same size as paper>
* layoutoffset:(h,v)=(0.0pt,0.0pt)
* modes: includehead includefoot 
* h-part:(L,W,R)=(28.45274pt, 307.28987pt, 28.45274pt)
* v-part:(T,H,B)=(0.0pt, 273.14662pt, 0.0pt)
* \paperwidth=364.19536pt
* \paperheight=273.14662pt
* \textwidth=307.28987pt
* \textheight=244.6939pt
* \oddsidemargin=-43.81725pt
* \evensidemargin=-43.81725pt
* \topmargin=-72.26999pt
* \headheight=14.22636pt
* \headsep=0.0pt
* \topskip=11.0pt
* \footskip=14.22636pt
* \marginparwidth=4.0pt
* \marginparsep=10.0pt
* \columnsep=10.0pt
* \skip\footins=10.0pt plus 4.0pt minus 2.0pt
* \hoffset=0.0pt
* \voffset=0.0pt
* \mag=1000
* \@twocolumnfalse
* \@twosidefalse
* \@mparswitchfalse
* \@reversemarginfalse
* (1in=72.27pt=25.4mm, 1cm=28.453pt)

ABD: EveryShipout initializing macros
\AtBeginShipoutBox=\box72
Package hyperref Info: Link coloring OFF on input line 8.

(/usr/local/texlive-2016/2016/texmf-dist/tex/latex/hyperref/nameref.sty
Package: nameref 2016/05/21 v2.44 Cross-referencing by name of section

(/usr/local/texlive-2016/2016/texmf-dist/tex/generic/oberdiek/gettitlestring.st
y
Package: gettitlestring 2016/05/16 v1.5 Cleanup title references (HO)
)
\c@section@level=\count180
)
LaTeX Info: Redefining \ref on input line 8.
LaTeX Info: Redefining \pageref on input line 8.
LaTeX Info: Redefining \nameref on input line 8.
 (./pstricks1.out) (./pstricks1.out)
\@outlinefile=\write5
\openout5 = `pstricks1.out'.

LaTeX Font Info:    Overwriting symbol font `operators' in version `normal'
(Font)                  OT1/cmr/m/n --> OT1/cmss/m/n on input line 8.
LaTeX Font Info:    Overwriting symbol font `operators' in version `bold'
(Font)                  OT1/cmr/bx/n --> OT1/cmss/bx/n on input line 8.
\symnumbers=\mathgroup6
\sympureletters=\mathgroup7
LaTeX Font Info:    Overwriting math alphabet `\mathrm' in version `normal'
(Font)                  OT1/cmss/m/n --> OT1/cmr/m/n on input line 8.
LaTeX Font Info:    Redeclaring math alphabet \mathbf on input line 8.
LaTeX Font Info:    Overwriting math alphabet `\mathbf' in version `normal'
(Font)                  OT1/cmr/bx/n --> OT1/cmss/bx/n on input line 8.
LaTeX Font Info:    Overwriting math alphabet `\mathbf' in version `bold'
(Font)                  OT1/cmr/bx/n --> OT1/cmss/bx/n on input line 8.
LaTeX Font Info:    Redeclaring math alphabet \mathsf on input line 8.
LaTeX Font Info:    Overwriting math alphabet `\mathsf' in version `normal'
(Font)                  OT1/cmss/m/n --> OT1/cmss/m/n on input line 8.
LaTeX Font Info:    Overwriting math alphabet `\mathsf' in version `bold'
(Font)                  OT1/cmss/bx/n --> OT1/cmss/m/n on input line 8.
LaTeX Font Info:    Redeclaring math alphabet \mathit on input line 8.
LaTeX Font Info:    Overwriting math alphabet `\mathit' in version `normal'
(Font)                  OT1/cmr/m/it --> OT1/cmss/m/it on input line 8.
LaTeX Font Info:    Overwriting math alphabet `\mathit' in version `bold'
(Font)                  OT1/cmr/bx/it --> OT1/cmss/m/it on input line 8.
LaTeX Font Info:    Redeclaring math alphabet \mathtt on input line 8.
LaTeX Font Info:    Overwriting math alphabet `\mathtt' in version `normal'
(Font)                  OT1/cmtt/m/n --> OT1/cmtt/m/n on input line 8.
LaTeX Font Info:    Overwriting math alphabet `\mathtt' in version `bold'
(Font)                  OT1/cmtt/m/n --> OT1/cmtt/m/n on input line 8.
LaTeX Font Info:    Overwriting symbol font `numbers' in version `bold'
(Font)                  OT1/cmss/m/n --> OT1/cmss/bx/n on input line 8.
LaTeX Font Info:    Overwriting symbol font `pureletters' in version `bold'
(Font)                  OT1/cmss/m/it --> OT1/cmss/bx/it on input line 8.
LaTeX Font Info:    Overwriting math alphabet `\mathrm' in version `bold'
(Font)                  OT1/cmss/bx/n --> OT1/cmr/bx/n on input line 8.
LaTeX Font Info:    Overwriting math alphabet `\mathbf' in version `bold'
(Font)                  OT1/cmss/bx/n --> OT1/cmss/bx/n on input line 8.
LaTeX Font Info:    Overwriting math alphabet `\mathsf' in version `bold'
(Font)                  OT1/cmss/m/n --> OT1/cmss/bx/n on input line 8.
LaTeX Font Info:    Overwriting math alphabet `\mathit' in version `bold'
(Font)                  OT1/cmss/m/it --> OT1/cmss/bx/it on input line 8.
LaTeX Font Info:    Overwriting math alphabet `\mathtt' in version `bold'
(Font)                  OT1/cmtt/m/n --> OT1/cmtt/bx/n on input line 8.
LaTeX Font Info:    Redeclaring symbol font `pureletters' on input line 8.
LaTeX Font Info:    Overwriting symbol font `pureletters' in version `normal'
(Font)                  OT1/cmss/m/it --> OT1/mathkerncmss/m/sl on input line 8
.
LaTeX Font Info:    Overwriting symbol font `pureletters' in version `bold'
(Font)                  OT1/cmss/bx/it --> OT1/mathkerncmss/m/sl on input line 
8.
LaTeX Font Info:    Overwriting symbol font `pureletters' in version `bold'
(Font)                  OT1/mathkerncmss/m/sl --> OT1/mathkerncmss/bx/sl on inp
ut line 8.

(/usr/local/texlive-2016/2016/texmf-dist/tex/latex/beamer/translator/dicts/tran
slator-basic-dictionary/translator-basic-dictionary-English.dict
Dictionary: translator-basic-dictionary, Language: English 
)
(/usr/local/texlive-2016/2016/texmf-dist/tex/latex/beamer/translator/dicts/tran
slator-bibliography-dictionary/translator-bibliography-dictionary-English.dict
Dictionary: translator-bibliography-dictionary, Language: English 
)
(/usr/local/texlive-2016/2016/texmf-dist/tex/latex/beamer/translator/dicts/tran
slator-environment-dictionary/translator-environment-dictionary-English.dict
Dictionary: translator-environment-dictionary, Language: English 
)
(/usr/local/texlive-2016/2016/texmf-dist/tex/latex/beamer/translator/dicts/tran
slator-months-dictionary/translator-months-dictionary-English.dict
Dictionary: translator-months-dictionary, Language: English 
)
(/usr/local/texlive-2016/2016/texmf-dist/tex/latex/beamer/translator/dicts/tran
slator-numbers-dictionary/translator-numbers-dictionary-English.dict
Dictionary: translator-numbers-dictionary, Language: English 
)
(/usr/local/texlive-2016/2016/texmf-dist/tex/latex/beamer/translator/dicts/tran
slator-theorem-dictionary/translator-theorem-dictionary-English.dict
Dictionary: translator-theorem-dictionary, Language: English 
)
LaTeX Info: Redefining \includegraphics on input line 8.

(./pstricks1.nav)
Overfull \vbox (16.38081pt too high) detected at line 17
 []


LaTeX Font Warning: Font shape `OT1/cmss/m/n' in size <4> not available
(Font)              size <5> substituted on input line 17.

[1

]
Overfull \vbox (16.38081pt too high) detected at line 17
 []

[2

]
Overfull \vbox (16.38081pt too high) detected at line 17
 []

[3

]
Overfull \vbox (16.38081pt too high) detected at line 17
 []

[4

]
\tf@nav=\write6
\openout6 = `pstricks1.nav'.

\tf@toc=\write7
\openout7 = `pstricks1.toc'.

\tf@snm=\write8
\openout8 = `pstricks1.snm'.

Package atveryend Info: Empty hook `BeforeClearDocument' on input line 19.
Package atveryend Info: Empty hook `AfterLastShipout' on input line 19.
 (./pstricks1.aux)
Package atveryend Info: Empty hook `AtVeryEndDocument' on input line 19.
Package atveryend Info: Executing hook `AtEndAfterFileList' on input line 19.
Package rerunfilecheck Info: File `pstricks1.out' has not changed.
(rerunfilecheck)             Checksum: D41D8CD98F00B204E9800998ECF8427E;0.


LaTeX Font Warning: Size substitutions with differences
(Font)              up to 1.0pt have occurred.

Package atveryend Info: Empty hook `AtVeryVeryEnd' on input line 19.
 ) 
Here is how much of TeX's memory you used:
 17652 strings out of 493683
 334877 string characters out of 6147842
 438231 words of memory out of 5000000
 20825 multiletter control sequences out of 15000+600000
 10105 words of font info for 41 fonts, out of 8000000 for 9000
 929 hyphenation exceptions out of 8191
 56i,14n,55p,407b,663s stack positions out of 5000i,500n,10000p,200000b,80000s

Output written on pstricks1.dvi (4 pages, 41688 bytes).
