> math <- read.table("math.csv",sep=",",header=FALSE)
  変数mathに表としてmath.csvから情報を読取り、区切り文字を,で指定している。headerは列名があるか否かを示す
> sc <- math[[2]]
  scにmath[[2]]の文字列(表)を割り当てる
> plot(sc)
  表を表示する。scにmath[[2]]が代入されている
> ssc <- sort(sc)
  さきほど表示したmath.csvの数値を昇順に並べ替える
> plot(ssc)
  並べ替えた状態で再表示
> mean(sc)
平均を表示
[1] 47.76923
> median(sc)
中央値を表示
[1] 48
> min(sc)
最小値を表示
[1] 6
> max(sc)
最大値を表示
[1] 79
> var(sc)
分散を表示
[1] 209.1898
> sd(sc)
標準偏差を表示
[1] 14.46339
> sqrt(sc)
平方根を表示
  [1] 5.567764 5.477226 7.745967 6.480741 3.872983 7.874008 6.480741 7.280110
  [9] 8.426150 8.124038 6.557439 7.745967 7.000000 7.549834 6.782330 8.602325
 [17] 7.071068 5.385165 7.937254 6.403124 6.708204 6.403124 7.810250 8.246211
 [25] 7.348469 7.745967 6.082763 6.403124 8.246211 6.633250 6.557439 7.681146
 [33] 5.916080 6.000000 7.000000 7.280110 7.810250 6.928203 4.898979 7.071068
 [41] 7.937254 7.000000 7.416198 6.708204 6.324555 6.403124 5.656854 8.000000
 [49] 6.633250 6.782330 7.810250 5.916080 8.660254 7.348469 5.291503 7.745967
 [57] 7.745967 7.071068 8.000000 8.124038 8.831761 6.403124 7.874008 7.549834
 [65] 6.633250 8.000000 7.211103 7.141428 7.071068 7.211103 6.928203 6.324555
 [73] 5.291503 6.708204 5.656854 7.549834 6.557439 7.681146 6.164414 6.633250
 [81] 4.582576 8.185353 7.141428 6.164414 8.602325 6.708204 7.810250 6.855655
 [89] 6.244998 7.681146 6.000000 6.000000 6.244998 7.874008 6.928203 5.916080
 [97] 8.426150 4.123106 8.717798 5.385165 5.477226 6.855655 7.937254 6.000000
[105] 6.164414 7.416198 8.426150 6.082763 8.544004 7.416198 5.744563 7.874008
[113] 8.062258 8.246211 4.242641 6.855655 7.280110 7.483315 6.928203 5.916080
[121] 6.244998 4.582576 8.717798 7.745967 7.211103 7.681146 7.280110 6.403124
[129] 8.062258 5.830952 6.082763 6.324555 8.246211 7.681146 7.348469 8.124038
[137] 7.681146 6.000000 6.928203 4.358899 8.544004 7.141428 7.874008 6.633250
[145] 4.795832 5.567764 4.000000 3.000000 6.782330 6.403124 6.480741 7.549834
[153] 6.928203 4.242641 6.633250 6.855655 7.549834 6.928203 7.416198 6.782330
[161] 7.874008 7.211103 5.196152 6.557439 7.280110 5.385165 7.549834 6.480741
[169] 7.937254 5.000000 7.416198 8.888194 7.280110 7.549834 7.348469 8.717798
[177] 5.291503 7.280110 6.164414 7.211103 5.567764 5.916080 6.403124 7.874008
[185] 7.416198 7.141428 5.916080 5.567764 6.633250 6.324555 7.211103 7.141428
[193] 7.937254 7.280110 5.099020 6.557439 6.082763 5.385165 8.062258 8.000000
[201] 7.937254 5.656854 7.810250 8.544004 7.141428 8.124038 7.483315 6.633250
[209] 6.633250 4.795832 6.557439 7.483315 7.071068 6.244998 7.348469 6.782330
[217] 6.403124 6.557439 4.123106 8.000000 5.830952 5.385165 7.141428 7.141428
[225] 6.928203 7.615773 4.582576 6.480741 5.656854 6.403124 2.449490 7.681146
[233] 7.000000 7.348469 8.000000 8.831761 6.708204 7.000000 6.164414 5.830952
[241] 7.937254 6.708204 5.385165 4.472136 8.185353 6.633250 7.280110 7.681146
[249] 8.000000 6.244998 7.348469 5.196152 8.185353 7.416198 6.480741 6.708204
[257] 6.324555 4.472136 5.567764 6.164414
> table(sc)
scの値を整理した状態で数値のみ表示
sc
 6  9 15 16 17 18 19 20 21 23 24 25 26 27 28 29 30 31 32 33 34 35 36 37 38 39 
 1  1  1  1  2  2  1  2  3  2  1  1  1  2  3  6  2  5  4  1  3  6  5  4  6  5 
40 41 42 43 44 45 46 47 48 49 50 51 52 53 54 55 56 57 58 59 60 61 62 63 64 65 
 5 10  6  7 10  7  5  4  8  5  5  8  6  9  7  7  3  7  1  8  6  5  7  7  7  3 
66 67 68 71 73 74 75 76 78 79 
 4  3  4  3  3  2  1  3  2  1 
> barplot(table(sc))
上記の整理した値をHistgramで表示
> hist(sc,breaks=seq(0,100,10))
表の範囲を指定。始点、終点、間隔
> hist(sc,br=6,col="#ab0000", border="red")
表の色を指定。brで太さ。colで棒の色。borderで境界線の色を指定。
> hist(sc,breaks=c(0,35,50,65,80,100),col="#ab0000",border="red")
棒の区切を指定し、改めて色を指定。

